[2020-11-22T19:24:17.639572+00:00] request.INFO: Matched route "api_logger_log". {"route":"api_logger_log","route_parameters":{"_route":"api_logger_log","_controller":"App\\Controller\\LogController::logger","name":"nbame"},"request_uri":"http://127.0.0.1:8000/logger/nbame","method":"GET"} []
[2020-11-22T19:24:17.641164+00:00] app.INFO: Using the greeting: Yo [] []
[2020-11-22T19:24:17.641193+00:00] app.INFO: Saying Yo to nbame! [] []
[2020-11-30T20:07:04.618529+00:00] php.DEBUG: Warning: unlink(W:\USM\FDAW\symfony\symfony-install-lab1\var\cache\dev\urlB1F2.tmp): No such file or directory {"exception":{"Symfony\\Component\\ErrorHandler\\Exception\\SilencedErrorContext":{"severity":2,"file":"W:\\USM\\FDAW\\symfony\\symfony-install-lab1\\vendor\\symfony\\filesystem\\Filesystem.php","line":670,"trace":[{"file":"W:\\USM\\FDAW\\symfony\\symfony-install-lab1\\vendor\\symfony\\config\\ResourceCheckerConfigCache.php","line":124,"function":"dumpFile","class":"Symfony\\Component\\Filesystem\\Filesystem","type":"->"}],"count":1}}} []
[2020-11-30T20:07:04.627825+00:00] php.DEBUG: Warning: unlink(W:\USM\FDAW\symfony\symfony-install-lab1\var\cache\dev\urlB202.tmp): No such file or directory [] []
[2020-11-30T20:07:04.646041+00:00] php.DEBUG: Warning: unlink(W:\USM\FDAW\symfony\symfony-install-lab1\var\cache\dev\urlB213.tmp): No such file or directory [] []
[2020-11-30T20:07:04.647094+00:00] php.DEBUG: Warning: unlink(W:\USM\FDAW\symfony\symfony-install-lab1\var\cache\dev\urlB223.tmp): No such file or directory [] []
[2020-11-30T20:07:23.274349+00:00] php.DEBUG: Warning: unlink(W:\USM\FDAW\symfony\symfony-install-lab1\var\cache\dev\urlFAFC.tmp): No such file or directory {"exception":{"Symfony\\Component\\ErrorHandler\\Exception\\SilencedErrorContext":{"severity":2,"file":"W:\\USM\\FDAW\\symfony\\symfony-install-lab1\\vendor\\symfony\\filesystem\\Filesystem.php","line":670,"trace":[{"file":"W:\\USM\\FDAW\\symfony\\symfony-install-lab1\\vendor\\symfony\\config\\ResourceCheckerConfigCache.php","line":124,"function":"dumpFile","class":"Symfony\\Component\\Filesystem\\Filesystem","type":"->"}],"count":1}}} []
[2020-11-30T20:07:23.275578+00:00] php.DEBUG: Warning: unlink(W:\USM\FDAW\symfony\symfony-install-lab1\var\cache\dev\urlFAFD.tmp): No such file or directory [] []
[2020-11-30T20:07:23.284188+00:00] php.DEBUG: Warning: unlink(W:\USM\FDAW\symfony\symfony-install-lab1\var\cache\dev\urlFAFE.tmp): No such file or directory [] []
[2020-11-30T20:07:23.285228+00:00] php.DEBUG: Warning: unlink(W:\USM\FDAW\symfony\symfony-install-lab1\var\cache\dev\urlFAFF.tmp): No such file or directory [] []
[2020-11-30T20:19:28.407089+00:00] php.DEBUG: Warning: unlink(W:\USM\FDAW\symfony\symfony-install-lab1\var\cache\dev\urlB81.tmp): No such file or directory {"exception":{"Symfony\\Component\\ErrorHandler\\Exception\\SilencedErrorContext":{"severity":2,"file":"W:\\USM\\FDAW\\symfony\\symfony-install-lab1\\vendor\\symfony\\filesystem\\Filesystem.php","line":670,"trace":[{"file":"W:\\USM\\FDAW\\symfony\\symfony-install-lab1\\vendor\\symfony\\config\\ResourceCheckerConfigCache.php","line":124,"function":"dumpFile","class":"Symfony\\Component\\Filesystem\\Filesystem","type":"->"}],"count":1}}} []
[2020-11-30T20:19:28.423870+00:00] php.DEBUG: Warning: unlink(W:\USM\FDAW\symfony\symfony-install-lab1\var\cache\dev\urlB82.tmp): No such file or directory [] []
[2020-11-30T20:19:28.449690+00:00] php.DEBUG: Warning: unlink(W:\USM\FDAW\symfony\symfony-install-lab1\var\cache\dev\urlBA3.tmp): No such file or directory [] []
[2020-11-30T20:19:28.452553+00:00] php.DEBUG: Warning: unlink(W:\USM\FDAW\symfony\symfony-install-lab1\var\cache\dev\urlBB3.tmp): No such file or directory [] []
[2020-11-30T20:19:41.894802+00:00] php.DEBUG: Warning: unlink(W:\USM\FDAW\symfony\symfony-install-lab1\var\cache\dev\url402E.tmp): No such file or directory {"exception":{"Symfony\\Component\\ErrorHandler\\Exception\\SilencedErrorContext":{"severity":2,"file":"W:\\USM\\FDAW\\symfony\\symfony-install-lab1\\vendor\\symfony\\filesystem\\Filesystem.php","line":670,"trace":[{"file":"W:\\USM\\FDAW\\symfony\\symfony-install-lab1\\vendor\\symfony\\config\\ResourceCheckerConfigCache.php","line":124,"function":"dumpFile","class":"Symfony\\Component\\Filesystem\\Filesystem","type":"->"}],"count":1}}} []
[2020-11-30T20:19:41.895805+00:00] php.DEBUG: Warning: unlink(W:\USM\FDAW\symfony\symfony-install-lab1\var\cache\dev\url402F.tmp): No such file or directory [] []
[2020-11-30T20:19:41.898646+00:00] php.DEBUG: Warning: unlink(W:\USM\FDAW\symfony\symfony-install-lab1\var\cache\dev\url403F.tmp): No such file or directory [] []
[2020-11-30T20:19:41.899564+00:00] php.DEBUG: Warning: unlink(W:\USM\FDAW\symfony\symfony-install-lab1\var\cache\dev\url4040.tmp): No such file or directory [] []
[2020-11-30T20:21:09.639409+00:00] console.ERROR: Error thrown while running command "doctrine:database:create". Message: "An exception occurred in driver: could not find driver" {"exception":"[object] (Doctrine\\DBAL\\Exception\\DriverException(code: 0): An exception occurred in driver: could not find driver at W:\\USM\\FDAW\\symfony\\symfony-install-lab1\\vendor\\doctrine\\dbal\\lib\\Doctrine\\DBAL\\Driver\\AbstractMySQLDriver.php:128)\n[previous exception] [object] (Doctrine\\DBAL\\Driver\\PDO\\Exception(code: 0): could not find driver at W:\\USM\\FDAW\\symfony\\symfony-install-lab1\\vendor\\doctrine\\dbal\\lib\\Doctrine\\DBAL\\Driver\\PDO\\Exception.php:18)\n[previous exception] [object] (PDOException(code: 0): could not find driver at W:\\USM\\FDAW\\symfony\\symfony-install-lab1\\vendor\\doctrine\\dbal\\lib\\Doctrine\\DBAL\\Driver\\PDOConnection.php:38)","command":"doctrine:database:create","message":"An exception occurred in driver: could not find driver"} []
[2020-11-30T20:21:09.640391+00:00] console.DEBUG: Command "doctrine:database:create" exited with code "1" {"command":"doctrine:database:create","code":1} []
[2020-11-30T20:29:54.376522+00:00] console.ERROR: Error thrown while running command "doctrine:database:create". Message: "An exception occurred in driver: could not find driver" {"exception":"[object] (Doctrine\\DBAL\\Exception\\DriverException(code: 0): An exception occurred in driver: could not find driver at W:\\USM\\FDAW\\symfony\\symfony-install-lab1\\vendor\\doctrine\\dbal\\lib\\Doctrine\\DBAL\\Driver\\AbstractMySQLDriver.php:128)\n[previous exception] [object] (Doctrine\\DBAL\\Driver\\PDO\\Exception(code: 0): could not find driver at W:\\USM\\FDAW\\symfony\\symfony-install-lab1\\vendor\\doctrine\\dbal\\lib\\Doctrine\\DBAL\\Driver\\PDO\\Exception.php:18)\n[previous exception] [object] (PDOException(code: 0): could not find driver at W:\\USM\\FDAW\\symfony\\symfony-install-lab1\\vendor\\doctrine\\dbal\\lib\\Doctrine\\DBAL\\Driver\\PDOConnection.php:38)","command":"doctrine:database:create","message":"An exception occurred in driver: could not find driver"} []
[2020-11-30T20:29:54.377517+00:00] console.DEBUG: Command "doctrine:database:create" exited with code "1" {"command":"doctrine:database:create","code":1} []
[2020-11-30T20:33:05.121844+00:00] console.ERROR: Error thrown while running command "doctrine:database:create". Message: "An exception occurred in driver: could not find driver" {"exception":"[object] (Doctrine\\DBAL\\Exception\\DriverException(code: 0): An exception occurred in driver: could not find driver at W:\\USM\\FDAW\\symfony\\symfony-install-lab1\\vendor\\doctrine\\dbal\\lib\\Doctrine\\DBAL\\Driver\\AbstractMySQLDriver.php:128)\n[previous exception] [object] (Doctrine\\DBAL\\Driver\\PDO\\Exception(code: 0): could not find driver at W:\\USM\\FDAW\\symfony\\symfony-install-lab1\\vendor\\doctrine\\dbal\\lib\\Doctrine\\DBAL\\Driver\\PDO\\Exception.php:18)\n[previous exception] [object] (PDOException(code: 0): could not find driver at W:\\USM\\FDAW\\symfony\\symfony-install-lab1\\vendor\\doctrine\\dbal\\lib\\Doctrine\\DBAL\\Driver\\PDOConnection.php:38)","command":"doctrine:database:create","message":"An exception occurred in driver: could not find driver"} []
[2020-11-30T20:33:05.122773+00:00] console.DEBUG: Command "doctrine:database:create" exited with code "1" {"command":"doctrine:database:create","code":1} []
[2020-11-30T20:33:50.289935+00:00] console.ERROR: Error thrown while running command "doctrine:database:create". Message: "An exception occurred in driver: could not find driver" {"exception":"[object] (Doctrine\\DBAL\\Exception\\DriverException(code: 0): An exception occurred in driver: could not find driver at W:\\USM\\FDAW\\symfony\\symfony-install-lab1\\vendor\\doctrine\\dbal\\lib\\Doctrine\\DBAL\\Driver\\AbstractMySQLDriver.php:128)\n[previous exception] [object] (Doctrine\\DBAL\\Driver\\PDO\\Exception(code: 0): could not find driver at W:\\USM\\FDAW\\symfony\\symfony-install-lab1\\vendor\\doctrine\\dbal\\lib\\Doctrine\\DBAL\\Driver\\PDO\\Exception.php:18)\n[previous exception] [object] (PDOException(code: 0): could not find driver at W:\\USM\\FDAW\\symfony\\symfony-install-lab1\\vendor\\doctrine\\dbal\\lib\\Doctrine\\DBAL\\Driver\\PDOConnection.php:38)","command":"doctrine:database:create","message":"An exception occurred in driver: could not find driver"} []
[2020-11-30T20:33:50.290890+00:00] console.DEBUG: Command "doctrine:database:create" exited with code "1" {"command":"doctrine:database:create","code":1} []
[2020-11-30T20:34:03.628022+00:00] console.ERROR: Error thrown while running command "doctrine:database:create". Message: "An exception occurred in driver: could not find driver" {"exception":"[object] (Doctrine\\DBAL\\Exception\\DriverException(code: 0): An exception occurred in driver: could not find driver at W:\\USM\\FDAW\\symfony\\symfony-install-lab1\\vendor\\doctrine\\dbal\\lib\\Doctrine\\DBAL\\Driver\\AbstractMySQLDriver.php:128)\n[previous exception] [object] (Doctrine\\DBAL\\Driver\\PDO\\Exception(code: 0): could not find driver at W:\\USM\\FDAW\\symfony\\symfony-install-lab1\\vendor\\doctrine\\dbal\\lib\\Doctrine\\DBAL\\Driver\\PDO\\Exception.php:18)\n[previous exception] [object] (PDOException(code: 0): could not find driver at W:\\USM\\FDAW\\symfony\\symfony-install-lab1\\vendor\\doctrine\\dbal\\lib\\Doctrine\\DBAL\\Driver\\PDOConnection.php:38)","command":"doctrine:database:create","message":"An exception occurred in driver: could not find driver"} []
[2020-11-30T20:34:03.628967+00:00] console.DEBUG: Command "doctrine:database:create" exited with code "1" {"command":"doctrine:database:create","code":1} []
[2020-11-30T20:34:15.224791+00:00] console.ERROR: Error thrown while running command "doctrine:database:create". Message: "An exception occurred in driver: could not find driver" {"exception":"[object] (Doctrine\\DBAL\\Exception\\DriverException(code: 0): An exception occurred in driver: could not find driver at W:\\USM\\FDAW\\symfony\\symfony-install-lab1\\vendor\\doctrine\\dbal\\lib\\Doctrine\\DBAL\\Driver\\AbstractMySQLDriver.php:128)\n[previous exception] [object] (Doctrine\\DBAL\\Driver\\PDO\\Exception(code: 0): could not find driver at W:\\USM\\FDAW\\symfony\\symfony-install-lab1\\vendor\\doctrine\\dbal\\lib\\Doctrine\\DBAL\\Driver\\PDO\\Exception.php:18)\n[previous exception] [object] (PDOException(code: 0): could not find driver at W:\\USM\\FDAW\\symfony\\symfony-install-lab1\\vendor\\doctrine\\dbal\\lib\\Doctrine\\DBAL\\Driver\\PDOConnection.php:38)","command":"doctrine:database:create","message":"An exception occurred in driver: could not find driver"} []
[2020-11-30T20:34:15.225706+00:00] console.DEBUG: Command "doctrine:database:create" exited with code "1" {"command":"doctrine:database:create","code":1} []
[2020-11-30T20:34:29.536234+00:00] console.ERROR: Error thrown while running command "doctrine:database:create". Message: "An exception occurred in driver: SQLSTATE[HY000] [2002] Подключение не установлено, т.к. конечный компьютер отверг запрос на подключение. " {"exception":"[object] (Doctrine\\DBAL\\Exception\\ConnectionException(code: 0): An exception occurred in driver: SQLSTATE[HY000] [2002] Подключение не установлено, т.к. конечный компьютер отверг запрос на подключение.\r\n at W:\\USM\\FDAW\\symfony\\symfony-install-lab1\\vendor\\doctrine\\dbal\\lib\\Doctrine\\DBAL\\Driver\\AbstractMySQLDriver.php:112)\n[previous exception] [object] (Doctrine\\DBAL\\Driver\\PDO\\Exception(code: 2002): SQLSTATE[HY000] [2002] Подключение не установлено, т.к. конечный компьютер отверг запрос на подключение.\r\n at W:\\USM\\FDAW\\symfony\\symfony-install-lab1\\vendor\\doctrine\\dbal\\lib\\Doctrine\\DBAL\\Driver\\PDO\\Exception.php:18)\n[previous exception] [object] (PDOException(code: 2002): SQLSTATE[HY000] [2002] Подключение не установлено, т.к. конечный компьютер отверг запрос на подключение.\r\n at W:\\USM\\FDAW\\symfony\\symfony-install-lab1\\vendor\\doctrine\\dbal\\lib\\Doctrine\\DBAL\\Driver\\PDOConnection.php:38)","command":"doctrine:database:create","message":"An exception occurred in driver: SQLSTATE[HY000] [2002] Подключение не установлено, т.к. конечный компьютер отверг запрос на подключение.\r\n"} []
[2020-11-30T20:34:29.538205+00:00] console.DEBUG: Command "doctrine:database:create" exited with code "1" {"command":"doctrine:database:create","code":1} []
[2020-11-30T20:34:36.143551+00:00] console.ERROR: Error thrown while running command "doctrine:database:create". Message: "An exception occurred in driver: SQLSTATE[HY000] [2002] Подключение не установлено, т.к. конечный компьютер отверг запрос на подключение. " {"exception":"[object] (Doctrine\\DBAL\\Exception\\ConnectionException(code: 0): An exception occurred in driver: SQLSTATE[HY000] [2002] Подключение не установлено, т.к. конечный компьютер отверг запрос на подключение.\r\n at W:\\USM\\FDAW\\symfony\\symfony-install-lab1\\vendor\\doctrine\\dbal\\lib\\Doctrine\\DBAL\\Driver\\AbstractMySQLDriver.php:112)\n[previous exception] [object] (Doctrine\\DBAL\\Driver\\PDO\\Exception(code: 2002): SQLSTATE[HY000] [2002] Подключение не установлено, т.к. конечный компьютер отверг запрос на подключение.\r\n at W:\\USM\\FDAW\\symfony\\symfony-install-lab1\\vendor\\doctrine\\dbal\\lib\\Doctrine\\DBAL\\Driver\\PDO\\Exception.php:18)\n[previous exception] [object] (PDOException(code: 2002): SQLSTATE[HY000] [2002] Подключение не установлено, т.к. конечный компьютер отверг запрос на подключение.\r\n at W:\\USM\\FDAW\\symfony\\symfony-install-lab1\\vendor\\doctrine\\dbal\\lib\\Doctrine\\DBAL\\Driver\\PDOConnection.php:38)","command":"doctrine:database:create","message":"An exception occurred in driver: SQLSTATE[HY000] [2002] Подключение не установлено, т.к. конечный компьютер отверг запрос на подключение.\r\n"} []
[2020-11-30T20:34:36.146713+00:00] console.DEBUG: Command "doctrine:database:create" exited with code "1" {"command":"doctrine:database:create","code":1} []
[2020-11-30T20:40:13.649522+00:00] console.ERROR: Error thrown while running command "doctrine:database:create". Message: "An exception occurred in driver: could not find driver" {"exception":"[object] (Doctrine\\DBAL\\Exception\\DriverException(code: 0): An exception occurred in driver: could not find driver at W:\\USM\\FDAW\\symfony\\symfony-install-lab1\\vendor\\doctrine\\dbal\\lib\\Doctrine\\DBAL\\Driver\\AbstractMySQLDriver.php:128)\n[previous exception] [object] (Doctrine\\DBAL\\Driver\\PDO\\Exception(code: 0): could not find driver at W:\\USM\\FDAW\\symfony\\symfony-install-lab1\\vendor\\doctrine\\dbal\\lib\\Doctrine\\DBAL\\Driver\\PDO\\Exception.php:18)\n[previous exception] [object] (PDOException(code: 0): could not find driver at W:\\USM\\FDAW\\symfony\\symfony-install-lab1\\vendor\\doctrine\\dbal\\lib\\Doctrine\\DBAL\\Driver\\PDOConnection.php:38)","command":"doctrine:database:create","message":"An exception occurred in driver: could not find driver"} []
[2020-11-30T20:40:13.650530+00:00] console.DEBUG: Command "doctrine:database:create" exited with code "1" {"command":"doctrine:database:create","code":1} []
[2020-11-30T20:56:22.743642+00:00] console.ERROR: Error thrown while running command "doctrine:database:create". Message: "An exception occurred in driver: could not find driver" {"exception":"[object] (Doctrine\\DBAL\\Exception\\DriverException(code: 0): An exception occurred in driver: could not find driver at W:\\USM\\FDAW\\symfony\\symfony-install-lab1\\vendor\\doctrine\\dbal\\lib\\Doctrine\\DBAL\\Driver\\AbstractMySQLDriver.php:128)\n[previous exception] [object] (Doctrine\\DBAL\\Driver\\PDO\\Exception(code: 0): could not find driver at W:\\USM\\FDAW\\symfony\\symfony-install-lab1\\vendor\\doctrine\\dbal\\lib\\Doctrine\\DBAL\\Driver\\PDO\\Exception.php:18)\n[previous exception] [object] (PDOException(code: 0): could not find driver at W:\\USM\\FDAW\\symfony\\symfony-install-lab1\\vendor\\doctrine\\dbal\\lib\\Doctrine\\DBAL\\Driver\\PDOConnection.php:38)","command":"doctrine:database:create","message":"An exception occurred in driver: could not find driver"} []
[2020-11-30T20:56:22.744564+00:00] console.DEBUG: Command "doctrine:database:create" exited with code "1" {"command":"doctrine:database:create","code":1} []
[2020-11-30T21:00:01.103556+00:00] console.ERROR: Error thrown while running command "doctrine:database:create". Message: "An exception occurred in driver: SQLSTATE[HY000] [1045] Access denied for user 'root'@'localhost' (using password: NO)" {"exception":"[object] (Doctrine\\DBAL\\Exception\\ConnectionException(code: 0): An exception occurred in driver: SQLSTATE[HY000] [1045] Access denied for user 'root'@'localhost' (using password: NO) at W:\\USM\\FDAW\\symfony\\symfony-install-lab1\\vendor\\doctrine\\dbal\\lib\\Doctrine\\DBAL\\Driver\\AbstractMySQLDriver.php:112)\n[previous exception] [object] (Doctrine\\DBAL\\Driver\\PDO\\Exception(code: 1045): SQLSTATE[HY000] [1045] Access denied for user 'root'@'localhost' (using password: NO) at W:\\USM\\FDAW\\symfony\\symfony-install-lab1\\vendor\\doctrine\\dbal\\lib\\Doctrine\\DBAL\\Driver\\PDO\\Exception.php:18)\n[previous exception] [object] (PDOException(code: 1045): SQLSTATE[HY000] [1045] Access denied for user 'root'@'localhost' (using password: NO) at W:\\USM\\FDAW\\symfony\\symfony-install-lab1\\vendor\\doctrine\\dbal\\lib\\Doctrine\\DBAL\\Driver\\PDOConnection.php:38)","command":"doctrine:database:create","message":"An exception occurred in driver: SQLSTATE[HY000] [1045] Access denied for user 'root'@'localhost' (using password: NO)"} []
[2020-11-30T21:00:01.104550+00:00] console.DEBUG: Command "doctrine:database:create" exited with code "1" {"command":"doctrine:database:create","code":1} []
[2020-11-30T21:00:13.290145+00:00] console.DEBUG: Command "doctrine:database:create" exited with code "1" {"command":"doctrine:database:create","code":1} []
[2020-11-30T21:03:58.580826+00:00] php.DEBUG: Warning: unlink(W:\USM\FDAW\symfony\symfony-install-lab1\src\Entity\ProC9DD.tmp): No such file or directory {"exception":{"Symfony\\Component\\ErrorHandler\\Exception\\SilencedErrorContext":{"severity":2,"file":"W:\\USM\\FDAW\\symfony\\symfony-install-lab1\\vendor\\symfony\\filesystem\\Filesystem.php","line":670,"trace":[{"file":"W:\\USM\\FDAW\\symfony\\symfony-install-lab1\\vendor\\symfony\\maker-bundle\\src\\FileManager.php","line":77,"function":"dumpFile","class":"Symfony\\Component\\Filesystem\\Filesystem","type":"->"}],"count":1}}} []
[2020-11-30T21:03:58.588385+00:00] php.DEBUG: Warning: unlink(W:\USM\FDAW\symfony\symfony-install-lab1\src\Repository\ProC9DE.tmp): No such file or directory [] []
[2020-11-30T21:04:08.679220+00:00] php.DEBUG: Warning: unlink(W:\USM\FDAW\symfony\symfony-install-lab1\src\Entity\ProF14D.tmp): No such file or directory [] []
[2020-11-30T21:05:04.656333+00:00] doctrine.DEBUG: SHOW FULL TABLES WHERE Table_type = 'BASE TABLE' [] []
[2020-11-30T21:05:04.695567+00:00] doctrine.DEBUG: SHOW FULL TABLES WHERE Table_type = 'BASE TABLE' [] []
[2020-11-30T21:05:04.697064+00:00] doctrine.DEBUG: SHOW FULL TABLES WHERE Table_type = 'BASE TABLE' [] []
[2020-11-30T21:05:13.467411+00:00] doctrine.DEBUG: SHOW FULL TABLES WHERE Table_type = 'BASE TABLE' [] []
[2020-11-30T21:05:13.474909+00:00] doctrine.DEBUG: CREATE TABLE doctrine_migration_versions (version VARCHAR(191) NOT NULL, executed_at DATETIME DEFAULT NULL, execution_time INT DEFAULT NULL, PRIMARY KEY(version)) DEFAULT CHARACTER SET utf8 COLLATE `utf8_unicode_ci` ENGINE = InnoDB [] []
[2020-11-30T21:05:13.530982+00:00] doctrine.DEBUG: SHOW FULL TABLES WHERE Table_type = 'BASE TABLE' [] []
[2020-11-30T21:05:13.532122+00:00] doctrine.DEBUG: SHOW FULL TABLES WHERE Table_type = 'BASE TABLE' [] []
[2020-11-30T21:05:13.533696+00:00] doctrine.DEBUG: SELECT COLUMN_NAME AS Field, COLUMN_TYPE AS Type, IS_NULLABLE AS `Null`, COLUMN_KEY AS `Key`, COLUMN_DEFAULT AS `Default`, EXTRA AS Extra, COLUMN_COMMENT AS Comment, CHARACTER_SET_NAME AS CharacterSet, COLLATION_NAME AS Collation FROM information_schema.COLUMNS WHERE TABLE_SCHEMA = 'arby_db' AND TABLE_NAME = 'doctrine_migration_versions' ORDER BY ORDINAL_POSITION ASC [] []
[2020-11-30T21:05:13.536709+00:00] doctrine.DEBUG: SELECT DISTINCT k.`CONSTRAINT_NAME`, k.`COLUMN_NAME`, k.`REFERENCED_TABLE_NAME`, k.`REFERENCED_COLUMN_NAME` /*!50116 , c.update_rule, c.delete_rule */ FROM information_schema.key_column_usage k /*!50116 INNER JOIN information_schema.referential_constraints c ON   c.constraint_name = k.constraint_name AND   c.table_name = 'doctrine_migration_versions' */ WHERE k.table_name = 'doctrine_migration_versions' AND k.table_schema = 'arby_db' /*!50116 AND c.constraint_schema = 'arby_db' */ AND k.`REFERENCED_COLUMN_NAME` is not NULL [] []
[2020-11-30T21:05:13.540502+00:00] doctrine.DEBUG: SELECT NON_UNIQUE AS Non_Unique, INDEX_NAME AS Key_name, COLUMN_NAME AS Column_Name, SUB_PART AS Sub_Part, INDEX_TYPE AS Index_Type FROM information_schema.STATISTICS WHERE TABLE_NAME = 'doctrine_migration_versions' AND TABLE_SCHEMA = 'arby_db' ORDER BY SEQ_IN_INDEX ASC [] []
[2020-11-30T21:05:13.542657+00:00] doctrine.DEBUG: SELECT ENGINE, AUTO_INCREMENT, TABLE_COLLATION, TABLE_COMMENT, CREATE_OPTIONS FROM information_schema.TABLES WHERE TABLE_TYPE = 'BASE TABLE' AND TABLE_SCHEMA = DATABASE() AND TABLE_NAME = 'doctrine_migration_versions' [] []
[2020-11-30T21:05:13.544794+00:00] doctrine.DEBUG: SELECT * FROM doctrine_migration_versions [] []
[2020-11-30T21:05:13.546881+00:00] doctrine.DEBUG: SHOW FULL TABLES WHERE Table_type = 'BASE TABLE' [] []
[2020-11-30T21:05:13.547658+00:00] doctrine.DEBUG: SHOW FULL TABLES WHERE Table_type = 'BASE TABLE' [] []
[2020-11-30T21:05:13.548422+00:00] doctrine.DEBUG: SELECT COLUMN_NAME AS Field, COLUMN_TYPE AS Type, IS_NULLABLE AS `Null`, COLUMN_KEY AS `Key`, COLUMN_DEFAULT AS `Default`, EXTRA AS Extra, COLUMN_COMMENT AS Comment, CHARACTER_SET_NAME AS CharacterSet, COLLATION_NAME AS Collation FROM information_schema.COLUMNS WHERE TABLE_SCHEMA = 'arby_db' AND TABLE_NAME = 'doctrine_migration_versions' ORDER BY ORDINAL_POSITION ASC [] []
[2020-11-30T21:05:13.549273+00:00] doctrine.DEBUG: SELECT DISTINCT k.`CONSTRAINT_NAME`, k.`COLUMN_NAME`, k.`REFERENCED_TABLE_NAME`, k.`REFERENCED_COLUMN_NAME` /*!50116 , c.update_rule, c.delete_rule */ FROM information_schema.key_column_usage k /*!50116 INNER JOIN information_schema.referential_constraints c ON   c.constraint_name = k.constraint_name AND   c.table_name = 'doctrine_migration_versions' */ WHERE k.table_name = 'doctrine_migration_versions' AND k.table_schema = 'arby_db' /*!50116 AND c.constraint_schema = 'arby_db' */ AND k.`REFERENCED_COLUMN_NAME` is not NULL [] []
[2020-11-30T21:05:13.550469+00:00] doctrine.DEBUG: SELECT NON_UNIQUE AS Non_Unique, INDEX_NAME AS Key_name, COLUMN_NAME AS Column_Name, SUB_PART AS Sub_Part, INDEX_TYPE AS Index_Type FROM information_schema.STATISTICS WHERE TABLE_NAME = 'doctrine_migration_versions' AND TABLE_SCHEMA = 'arby_db' ORDER BY SEQ_IN_INDEX ASC [] []
[2020-11-30T21:05:13.551171+00:00] doctrine.DEBUG: SELECT ENGINE, AUTO_INCREMENT, TABLE_COLLATION, TABLE_COMMENT, CREATE_OPTIONS FROM information_schema.TABLES WHERE TABLE_TYPE = 'BASE TABLE' AND TABLE_SCHEMA = DATABASE() AND TABLE_NAME = 'doctrine_migration_versions' [] []
[2020-11-30T21:05:13.551958+00:00] doctrine.DEBUG: SELECT * FROM doctrine_migration_versions [] []
[2020-11-30T21:05:13.552135+00:00] doctrine.DEBUG: SHOW FULL TABLES WHERE Table_type = 'BASE TABLE' [] []
[2020-11-30T21:05:13.552834+00:00] doctrine.DEBUG: SHOW FULL TABLES WHERE Table_type = 'BASE TABLE' [] []
[2020-11-30T21:05:13.553556+00:00] doctrine.DEBUG: SELECT COLUMN_NAME AS Field, COLUMN_TYPE AS Type, IS_NULLABLE AS `Null`, COLUMN_KEY AS `Key`, COLUMN_DEFAULT AS `Default`, EXTRA AS Extra, COLUMN_COMMENT AS Comment, CHARACTER_SET_NAME AS CharacterSet, COLLATION_NAME AS Collation FROM information_schema.COLUMNS WHERE TABLE_SCHEMA = 'arby_db' AND TABLE_NAME = 'doctrine_migration_versions' ORDER BY ORDINAL_POSITION ASC [] []
[2020-11-30T21:05:13.554378+00:00] doctrine.DEBUG: SELECT DISTINCT k.`CONSTRAINT_NAME`, k.`COLUMN_NAME`, k.`REFERENCED_TABLE_NAME`, k.`REFERENCED_COLUMN_NAME` /*!50116 , c.update_rule, c.delete_rule */ FROM information_schema.key_column_usage k /*!50116 INNER JOIN information_schema.referential_constraints c ON   c.constraint_name = k.constraint_name AND   c.table_name = 'doctrine_migration_versions' */ WHERE k.table_name = 'doctrine_migration_versions' AND k.table_schema = 'arby_db' /*!50116 AND c.constraint_schema = 'arby_db' */ AND k.`REFERENCED_COLUMN_NAME` is not NULL [] []
[2020-11-30T21:05:13.555484+00:00] doctrine.DEBUG: SELECT NON_UNIQUE AS Non_Unique, INDEX_NAME AS Key_name, COLUMN_NAME AS Column_Name, SUB_PART AS Sub_Part, INDEX_TYPE AS Index_Type FROM information_schema.STATISTICS WHERE TABLE_NAME = 'doctrine_migration_versions' AND TABLE_SCHEMA = 'arby_db' ORDER BY SEQ_IN_INDEX ASC [] []
[2020-11-30T21:05:13.556190+00:00] doctrine.DEBUG: SELECT ENGINE, AUTO_INCREMENT, TABLE_COLLATION, TABLE_COMMENT, CREATE_OPTIONS FROM information_schema.TABLES WHERE TABLE_TYPE = 'BASE TABLE' AND TABLE_SCHEMA = DATABASE() AND TABLE_NAME = 'doctrine_migration_versions' [] []
[2020-11-30T21:05:13.556945+00:00] doctrine.DEBUG: SELECT * FROM doctrine_migration_versions [] []
[2020-11-30T21:05:13.563188+00:00] doctrine.DEBUG: "START TRANSACTION" [] []
[2020-11-30T21:05:13.582344+00:00] doctrine.DEBUG: CREATE TABLE product (id INT AUTO_INCREMENT NOT NULL, name VARCHAR(255) NOT NULL, PRIMARY KEY(id)) DEFAULT CHARACTER SET UTF8 COLLATE `UTF8_unicode_ci` ENGINE = InnoDB [] []
[2020-11-30T21:05:13.606125+00:00] doctrine.DEBUG: SHOW FULL TABLES WHERE Table_type = 'BASE TABLE' [] []
[2020-11-30T21:05:13.607388+00:00] doctrine.DEBUG: SELECT COLUMN_NAME AS Field, COLUMN_TYPE AS Type, IS_NULLABLE AS `Null`, COLUMN_KEY AS `Key`, COLUMN_DEFAULT AS `Default`, EXTRA AS Extra, COLUMN_COMMENT AS Comment, CHARACTER_SET_NAME AS CharacterSet, COLLATION_NAME AS Collation FROM information_schema.COLUMNS WHERE TABLE_SCHEMA = 'arby_db' AND TABLE_NAME = 'doctrine_migration_versions' ORDER BY ORDINAL_POSITION ASC [] []
[2020-11-30T21:05:13.608276+00:00] doctrine.DEBUG: SELECT DISTINCT k.`CONSTRAINT_NAME`, k.`COLUMN_NAME`, k.`REFERENCED_TABLE_NAME`, k.`REFERENCED_COLUMN_NAME` /*!50116 , c.update_rule, c.delete_rule */ FROM information_schema.key_column_usage k /*!50116 INNER JOIN information_schema.referential_constraints c ON   c.constraint_name = k.constraint_name AND   c.table_name = 'doctrine_migration_versions' */ WHERE k.table_name = 'doctrine_migration_versions' AND k.table_schema = 'arby_db' /*!50116 AND c.constraint_schema = 'arby_db' */ AND k.`REFERENCED_COLUMN_NAME` is not NULL [] []
[2020-11-30T21:05:13.609025+00:00] doctrine.DEBUG: SELECT NON_UNIQUE AS Non_Unique, INDEX_NAME AS Key_name, COLUMN_NAME AS Column_Name, SUB_PART AS Sub_Part, INDEX_TYPE AS Index_Type FROM information_schema.STATISTICS WHERE TABLE_NAME = 'doctrine_migration_versions' AND TABLE_SCHEMA = 'arby_db' ORDER BY SEQ_IN_INDEX ASC [] []
[2020-11-30T21:05:13.609474+00:00] doctrine.DEBUG: SELECT ENGINE, AUTO_INCREMENT, TABLE_COLLATION, TABLE_COMMENT, CREATE_OPTIONS FROM information_schema.TABLES WHERE TABLE_TYPE = 'BASE TABLE' AND TABLE_SCHEMA = DATABASE() AND TABLE_NAME = 'doctrine_migration_versions' [] []
[2020-11-30T21:05:13.610245+00:00] doctrine.DEBUG: INSERT INTO doctrine_migration_versions (version, executed_at, execution_time) VALUES (?, ?, ?) ["DoctrineMigrations\\Version [...]","2020-11-30T21:05:13+00:00",43.0] []
[2020-11-30T21:05:13.611507+00:00] doctrine.DEBUG: "COMMIT" [] []
[2020-11-30T21:05:49.708337+00:00] php.DEBUG: Warning: unlink(W:\USM\FDAW\symfony\symfony-install-lab1\src\Entity\Pro7B67.tmp): No such file or directory {"exception":{"Symfony\\Component\\ErrorHandler\\Exception\\SilencedErrorContext":{"severity":2,"file":"W:\\USM\\FDAW\\symfony\\symfony-install-lab1\\vendor\\symfony\\filesystem\\Filesystem.php","line":670,"trace":[{"file":"W:\\USM\\FDAW\\symfony\\symfony-install-lab1\\vendor\\symfony\\maker-bundle\\src\\FileManager.php","line":77,"function":"dumpFile","class":"Symfony\\Component\\Filesystem\\Filesystem","type":"->"}],"count":1}}} []
[2020-11-30T21:06:08.614235+00:00] doctrine.DEBUG: SHOW FULL TABLES WHERE Table_type = 'BASE TABLE' [] []
[2020-11-30T21:06:08.615949+00:00] doctrine.DEBUG: SHOW FULL TABLES WHERE Table_type = 'BASE TABLE' [] []
[2020-11-30T21:06:08.622086+00:00] doctrine.DEBUG: SELECT COLUMN_NAME AS Field, COLUMN_TYPE AS Type, IS_NULLABLE AS `Null`, COLUMN_KEY AS `Key`, COLUMN_DEFAULT AS `Default`, EXTRA AS Extra, COLUMN_COMMENT AS Comment, CHARACTER_SET_NAME AS CharacterSet, COLLATION_NAME AS Collation FROM information_schema.COLUMNS WHERE TABLE_SCHEMA = 'arby_db' AND TABLE_NAME = 'doctrine_migration_versions' ORDER BY ORDINAL_POSITION ASC [] []
[2020-11-30T21:06:08.623363+00:00] doctrine.DEBUG: SELECT DISTINCT k.`CONSTRAINT_NAME`, k.`COLUMN_NAME`, k.`REFERENCED_TABLE_NAME`, k.`REFERENCED_COLUMN_NAME` /*!50116 , c.update_rule, c.delete_rule */ FROM information_schema.key_column_usage k /*!50116 INNER JOIN information_schema.referential_constraints c ON   c.constraint_name = k.constraint_name AND   c.table_name = 'doctrine_migration_versions' */ WHERE k.table_name = 'doctrine_migration_versions' AND k.table_schema = 'arby_db' /*!50116 AND c.constraint_schema = 'arby_db' */ AND k.`REFERENCED_COLUMN_NAME` is not NULL [] []
[2020-11-30T21:06:08.624619+00:00] doctrine.DEBUG: SELECT NON_UNIQUE AS Non_Unique, INDEX_NAME AS Key_name, COLUMN_NAME AS Column_Name, SUB_PART AS Sub_Part, INDEX_TYPE AS Index_Type FROM information_schema.STATISTICS WHERE TABLE_NAME = 'doctrine_migration_versions' AND TABLE_SCHEMA = 'arby_db' ORDER BY SEQ_IN_INDEX ASC [] []
[2020-11-30T21:06:08.625149+00:00] doctrine.DEBUG: SELECT ENGINE, AUTO_INCREMENT, TABLE_COLLATION, TABLE_COMMENT, CREATE_OPTIONS FROM information_schema.TABLES WHERE TABLE_TYPE = 'BASE TABLE' AND TABLE_SCHEMA = DATABASE() AND TABLE_NAME = 'doctrine_migration_versions' [] []
[2020-11-30T21:06:08.625845+00:00] doctrine.DEBUG: SELECT * FROM doctrine_migration_versions [] []
[2020-11-30T21:06:08.627338+00:00] doctrine.DEBUG: SHOW FULL TABLES WHERE Table_type = 'BASE TABLE' [] []
[2020-11-30T21:06:08.627833+00:00] doctrine.DEBUG: SHOW FULL TABLES WHERE Table_type = 'BASE TABLE' [] []
[2020-11-30T21:06:08.628368+00:00] doctrine.DEBUG: SELECT COLUMN_NAME AS Field, COLUMN_TYPE AS Type, IS_NULLABLE AS `Null`, COLUMN_KEY AS `Key`, COLUMN_DEFAULT AS `Default`, EXTRA AS Extra, COLUMN_COMMENT AS Comment, CHARACTER_SET_NAME AS CharacterSet, COLLATION_NAME AS Collation FROM information_schema.COLUMNS WHERE TABLE_SCHEMA = 'arby_db' AND TABLE_NAME = 'doctrine_migration_versions' ORDER BY ORDINAL_POSITION ASC [] []
[2020-11-30T21:06:08.628938+00:00] doctrine.DEBUG: SELECT DISTINCT k.`CONSTRAINT_NAME`, k.`COLUMN_NAME`, k.`REFERENCED_TABLE_NAME`, k.`REFERENCED_COLUMN_NAME` /*!50116 , c.update_rule, c.delete_rule */ FROM information_schema.key_column_usage k /*!50116 INNER JOIN information_schema.referential_constraints c ON   c.constraint_name = k.constraint_name AND   c.table_name = 'doctrine_migration_versions' */ WHERE k.table_name = 'doctrine_migration_versions' AND k.table_schema = 'arby_db' /*!50116 AND c.constraint_schema = 'arby_db' */ AND k.`REFERENCED_COLUMN_NAME` is not NULL [] []
[2020-11-30T21:06:08.629713+00:00] doctrine.DEBUG: SELECT NON_UNIQUE AS Non_Unique, INDEX_NAME AS Key_name, COLUMN_NAME AS Column_Name, SUB_PART AS Sub_Part, INDEX_TYPE AS Index_Type FROM information_schema.STATISTICS WHERE TABLE_NAME = 'doctrine_migration_versions' AND TABLE_SCHEMA = 'arby_db' ORDER BY SEQ_IN_INDEX ASC [] []
[2020-11-30T21:06:08.630173+00:00] doctrine.DEBUG: SELECT ENGINE, AUTO_INCREMENT, TABLE_COLLATION, TABLE_COMMENT, CREATE_OPTIONS FROM information_schema.TABLES WHERE TABLE_TYPE = 'BASE TABLE' AND TABLE_SCHEMA = DATABASE() AND TABLE_NAME = 'doctrine_migration_versions' [] []
[2020-11-30T21:06:08.630666+00:00] doctrine.DEBUG: SELECT * FROM doctrine_migration_versions [] []
[2020-11-30T21:06:08.631684+00:00] doctrine.DEBUG: SHOW FULL TABLES WHERE Table_type = 'BASE TABLE' [] []
[2020-11-30T21:06:08.632166+00:00] doctrine.DEBUG: SELECT COLUMN_NAME AS Field, COLUMN_TYPE AS Type, IS_NULLABLE AS `Null`, COLUMN_KEY AS `Key`, COLUMN_DEFAULT AS `Default`, EXTRA AS Extra, COLUMN_COMMENT AS Comment, CHARACTER_SET_NAME AS CharacterSet, COLLATION_NAME AS Collation FROM information_schema.COLUMNS WHERE TABLE_SCHEMA = 'arby_db' AND TABLE_NAME = 'doctrine_migration_versions' ORDER BY ORDINAL_POSITION ASC [] []
[2020-11-30T21:06:08.632684+00:00] doctrine.DEBUG: SELECT DISTINCT k.`CONSTRAINT_NAME`, k.`COLUMN_NAME`, k.`REFERENCED_TABLE_NAME`, k.`REFERENCED_COLUMN_NAME` /*!50116 , c.update_rule, c.delete_rule */ FROM information_schema.key_column_usage k /*!50116 INNER JOIN information_schema.referential_constraints c ON   c.constraint_name = k.constraint_name AND   c.table_name = 'doctrine_migration_versions' */ WHERE k.table_name = 'doctrine_migration_versions' AND k.table_schema = 'arby_db' /*!50116 AND c.constraint_schema = 'arby_db' */ AND k.`REFERENCED_COLUMN_NAME` is not NULL [] []
[2020-11-30T21:06:08.633366+00:00] doctrine.DEBUG: SELECT NON_UNIQUE AS Non_Unique, INDEX_NAME AS Key_name, COLUMN_NAME AS Column_Name, SUB_PART AS Sub_Part, INDEX_TYPE AS Index_Type FROM information_schema.STATISTICS WHERE TABLE_NAME = 'doctrine_migration_versions' AND TABLE_SCHEMA = 'arby_db' ORDER BY SEQ_IN_INDEX ASC [] []
[2020-11-30T21:06:08.633810+00:00] doctrine.DEBUG: SELECT ENGINE, AUTO_INCREMENT, TABLE_COLLATION, TABLE_COMMENT, CREATE_OPTIONS FROM information_schema.TABLES WHERE TABLE_TYPE = 'BASE TABLE' AND TABLE_SCHEMA = DATABASE() AND TABLE_NAME = 'doctrine_migration_versions' [] []
[2020-11-30T21:06:08.634254+00:00] doctrine.DEBUG: SELECT COLUMN_NAME AS Field, COLUMN_TYPE AS Type, IS_NULLABLE AS `Null`, COLUMN_KEY AS `Key`, COLUMN_DEFAULT AS `Default`, EXTRA AS Extra, COLUMN_COMMENT AS Comment, CHARACTER_SET_NAME AS CharacterSet, COLLATION_NAME AS Collation FROM information_schema.COLUMNS WHERE TABLE_SCHEMA = 'arby_db' AND TABLE_NAME = 'product' ORDER BY ORDINAL_POSITION ASC [] []
[2020-11-30T21:06:08.634738+00:00] doctrine.DEBUG: SELECT DISTINCT k.`CONSTRAINT_NAME`, k.`COLUMN_NAME`, k.`REFERENCED_TABLE_NAME`, k.`REFERENCED_COLUMN_NAME` /*!50116 , c.update_rule, c.delete_rule */ FROM information_schema.key_column_usage k /*!50116 INNER JOIN information_schema.referential_constraints c ON   c.constraint_name = k.constraint_name AND   c.table_name = 'product' */ WHERE k.table_name = 'product' AND k.table_schema = 'arby_db' /*!50116 AND c.constraint_schema = 'arby_db' */ AND k.`REFERENCED_COLUMN_NAME` is not NULL [] []
[2020-11-30T21:06:08.635414+00:00] doctrine.DEBUG: SELECT NON_UNIQUE AS Non_Unique, INDEX_NAME AS Key_name, COLUMN_NAME AS Column_Name, SUB_PART AS Sub_Part, INDEX_TYPE AS Index_Type FROM information_schema.STATISTICS WHERE TABLE_NAME = 'product' AND TABLE_SCHEMA = 'arby_db' ORDER BY SEQ_IN_INDEX ASC [] []
[2020-11-30T21:06:08.635856+00:00] doctrine.DEBUG: SELECT ENGINE, AUTO_INCREMENT, TABLE_COLLATION, TABLE_COMMENT, CREATE_OPTIONS FROM information_schema.TABLES WHERE TABLE_TYPE = 'BASE TABLE' AND TABLE_SCHEMA = DATABASE() AND TABLE_NAME = 'product' [] []
[2020-11-30T21:08:29.078036+00:00] php.DEBUG: Warning: unlink(W:\USM\FDAW\symfony\symfony-install-lab1\var\cache\dev\urlE9F6.tmp): No such file or directory {"exception":{"Symfony\\Component\\ErrorHandler\\Exception\\SilencedErrorContext":{"severity":2,"file":"W:\\USM\\FDAW\\symfony\\symfony-install-lab1\\vendor\\symfony\\filesystem\\Filesystem.php","line":670,"trace":[{"file":"W:\\USM\\FDAW\\symfony\\symfony-install-lab1\\vendor\\symfony\\config\\ResourceCheckerConfigCache.php","line":124,"function":"dumpFile","class":"Symfony\\Component\\Filesystem\\Filesystem","type":"->"}],"count":1}}} []
[2020-11-30T21:08:29.082883+00:00] php.DEBUG: Warning: unlink(W:\USM\FDAW\symfony\symfony-install-lab1\var\cache\dev\urlE9F7.tmp): No such file or directory [] []
[2020-11-30T21:08:29.086481+00:00] request.ERROR: Uncaught PHP Exception Symfony\Component\HttpKernel\Exception\NotFoundHttpException: "No route found for "GET /"" at W:\USM\FDAW\symfony\symfony-install-lab1\vendor\symfony\http-kernel\EventListener\RouterListener.php line 136 {"exception":"[object] (Symfony\\Component\\HttpKernel\\Exception\\NotFoundHttpException(code: 0): No route found for \"GET /\" at W:\\USM\\FDAW\\symfony\\symfony-install-lab1\\vendor\\symfony\\http-kernel\\EventListener\\RouterListener.php:136)\n[previous exception] [object] (Symfony\\Component\\Routing\\Exception\\NoConfigurationException(code: 0):  at W:\\USM\\FDAW\\symfony\\symfony-install-lab1\\vendor\\symfony\\routing\\Matcher\\Dumper\\CompiledUrlMatcherTrait.php:182)"} []
[2020-11-30T21:08:29.334495+00:00] request.ERROR: Uncaught PHP Exception Symfony\Component\HttpKernel\Exception\NotFoundHttpException: "No route found for "GET /favicon.ico" (from "http://localhost:8000/")" at W:\USM\FDAW\symfony\symfony-install-lab1\vendor\symfony\http-kernel\EventListener\RouterListener.php line 136 {"exception":"[object] (Symfony\\Component\\HttpKernel\\Exception\\NotFoundHttpException(code: 0): No route found for \"GET /favicon.ico\" (from \"http://localhost:8000/\") at W:\\USM\\FDAW\\symfony\\symfony-install-lab1\\vendor\\symfony\\http-kernel\\EventListener\\RouterListener.php:136)\n[previous exception] [object] (Symfony\\Component\\Routing\\Exception\\ResourceNotFoundException(code: 0): No routes found for \"/favicon.ico/\". at W:\\USM\\FDAW\\symfony\\symfony-install-lab1\\vendor\\symfony\\routing\\Matcher\\Dumper\\CompiledUrlMatcherTrait.php:70)"} []
[2020-11-30T21:08:43.885593+00:00] request.ERROR: Uncaught PHP Exception Symfony\Component\HttpKernel\Exception\NotFoundHttpException: "No route found for "GET /product"" at W:\USM\FDAW\symfony\symfony-install-lab1\vendor\symfony\http-kernel\EventListener\RouterListener.php line 136 {"exception":"[object] (Symfony\\Component\\HttpKernel\\Exception\\NotFoundHttpException(code: 0): No route found for \"GET /product\" at W:\\USM\\FDAW\\symfony\\symfony-install-lab1\\vendor\\symfony\\http-kernel\\EventListener\\RouterListener.php:136)\n[previous exception] [object] (Symfony\\Component\\Routing\\Exception\\ResourceNotFoundException(code: 0): No routes found for \"/product/\". at W:\\USM\\FDAW\\symfony\\symfony-install-lab1\\vendor\\symfony\\routing\\Matcher\\Dumper\\CompiledUrlMatcherTrait.php:70)"} []
[2020-11-30T21:09:22.784722+00:00] request.ERROR: Uncaught PHP Exception Symfony\Component\HttpKernel\Exception\NotFoundHttpException: "No route found for "GET /Product"" at W:\USM\FDAW\symfony\symfony-install-lab1\vendor\symfony\http-kernel\EventListener\RouterListener.php line 136 {"exception":"[object] (Symfony\\Component\\HttpKernel\\Exception\\NotFoundHttpException(code: 0): No route found for \"GET /Product\" at W:\\USM\\FDAW\\symfony\\symfony-install-lab1\\vendor\\symfony\\http-kernel\\EventListener\\RouterListener.php:136)\n[previous exception] [object] (Symfony\\Component\\Routing\\Exception\\ResourceNotFoundException(code: 0): No routes found for \"/Product/\". at W:\\USM\\FDAW\\symfony\\symfony-install-lab1\\vendor\\symfony\\routing\\Matcher\\Dumper\\CompiledUrlMatcherTrait.php:70)"} []
[2020-11-30T21:10:12.810177+00:00] php.DEBUG: Warning: unlink(W:\USM\FDAW\symfony\symfony-install-lab1\src\Controller\Pro7F2D.tmp): No such file or directory {"exception":{"Symfony\\Component\\ErrorHandler\\Exception\\SilencedErrorContext":{"severity":2,"file":"W:\\USM\\FDAW\\symfony\\symfony-install-lab1\\vendor\\symfony\\filesystem\\Filesystem.php","line":670,"trace":[{"file":"W:\\USM\\FDAW\\symfony\\symfony-install-lab1\\vendor\\symfony\\maker-bundle\\src\\FileManager.php","line":77,"function":"dumpFile","class":"Symfony\\Component\\Filesystem\\Filesystem","type":"->"}],"count":1}}} []
[2020-11-30T21:10:33.220300+00:00] php.DEBUG: Warning: unlink(W:\USM\FDAW\symfony\symfony-install-lab1\var\cache\dev\urlCF70.tmp): No such file or directory {"exception":{"Symfony\\Component\\ErrorHandler\\Exception\\SilencedErrorContext":{"severity":2,"file":"W:\\USM\\FDAW\\symfony\\symfony-install-lab1\\vendor\\symfony\\filesystem\\Filesystem.php","line":670,"trace":[{"file":"W:\\USM\\FDAW\\symfony\\symfony-install-lab1\\vendor\\symfony\\config\\ResourceCheckerConfigCache.php","line":124,"function":"dumpFile","class":"Symfony\\Component\\Filesystem\\Filesystem","type":"->"}],"count":1}}} []
[2020-11-30T21:10:33.224053+00:00] php.DEBUG: Warning: unlink(W:\USM\FDAW\symfony\symfony-install-lab1\var\cache\dev\urlCF71.tmp): No such file or directory [] []
[2020-11-30T21:10:33.225441+00:00] request.INFO: Matched route "product". {"route":"product","route_parameters":{"_route":"product","_controller":"App\\Controller\\ProductController::index"},"request_uri":"http://localhost:8000/product","method":"GET"} []
[2020-11-30T21:12:22.633173+00:00] console.DEBUG: Command "make:crud" exited with code "1" {"command":"make:crud","code":1} []
[2020-11-30T21:12:55.648452+00:00] php.DEBUG: Warning: unlink(W:\USM\FDAW\symfony\symfony-install-lab1\var\cache\dev\urlFBE1.tmp): No such file or directory {"exception":{"Symfony\\Component\\ErrorHandler\\Exception\\SilencedErrorContext":{"severity":2,"file":"W:\\USM\\FDAW\\symfony\\symfony-install-lab1\\vendor\\symfony\\filesystem\\Filesystem.php","line":670,"trace":[{"file":"W:\\USM\\FDAW\\symfony\\symfony-install-lab1\\vendor\\symfony\\config\\ResourceCheckerConfigCache.php","line":124,"function":"dumpFile","class":"Symfony\\Component\\Filesystem\\Filesystem","type":"->"}],"count":1}}} []
[2020-11-30T21:12:55.649448+00:00] php.DEBUG: Warning: unlink(W:\USM\FDAW\symfony\symfony-install-lab1\var\cache\dev\urlFBE2.tmp): No such file or directory [] []
[2020-11-30T21:12:55.657240+00:00] php.DEBUG: Warning: unlink(W:\USM\FDAW\symfony\symfony-install-lab1\var\cache\dev\urlFBE3.tmp): No such file or directory [] []
[2020-11-30T21:12:55.658238+00:00] php.DEBUG: Warning: unlink(W:\USM\FDAW\symfony\symfony-install-lab1\var\cache\dev\urlFBE4.tmp): No such file or directory [] []
[2020-11-30T21:12:58.798724+00:00] console.DEBUG: Command "make:crud" exited with code "1" {"command":"make:crud","code":1} []
[2020-11-30T21:13:30.241896+00:00] php.DEBUG: Warning: unlink(W:\USM\FDAW\symfony\symfony-install-lab1\var\cache\dev\url82FC.tmp): No such file or directory {"exception":{"Symfony\\Component\\ErrorHandler\\Exception\\SilencedErrorContext":{"severity":2,"file":"W:\\USM\\FDAW\\symfony\\symfony-install-lab1\\vendor\\symfony\\filesystem\\Filesystem.php","line":670,"trace":[{"file":"W:\\USM\\FDAW\\symfony\\symfony-install-lab1\\vendor\\symfony\\config\\ResourceCheckerConfigCache.php","line":124,"function":"dumpFile","class":"Symfony\\Component\\Filesystem\\Filesystem","type":"->"}],"count":1}}} []
[2020-11-30T21:13:30.245362+00:00] php.DEBUG: Warning: unlink(W:\USM\FDAW\symfony\symfony-install-lab1\var\cache\dev\url830C.tmp): No such file or directory [] []
[2020-11-30T21:13:30.248358+00:00] php.DEBUG: Warning: unlink(W:\USM\FDAW\symfony\symfony-install-lab1\var\cache\dev\url830D.tmp): No such file or directory [] []
[2020-11-30T21:13:30.249291+00:00] php.DEBUG: Warning: unlink(W:\USM\FDAW\symfony\symfony-install-lab1\var\cache\dev\url830E.tmp): No such file or directory [] []
[2020-11-30T21:13:37.698422+00:00] console.DEBUG: Command "make:crud" exited with code "1" {"command":"make:crud","code":1} []
[2020-11-30T21:14:01.213748+00:00] php.DEBUG: Warning: unlink(W:\USM\FDAW\symfony\symfony-install-lab1\var\cache\dev\urlFC0F.tmp): No such file or directory {"exception":{"Symfony\\Component\\ErrorHandler\\Exception\\SilencedErrorContext":{"severity":2,"file":"W:\\USM\\FDAW\\symfony\\symfony-install-lab1\\vendor\\symfony\\filesystem\\Filesystem.php","line":670,"trace":[{"file":"W:\\USM\\FDAW\\symfony\\symfony-install-lab1\\vendor\\symfony\\config\\ResourceCheckerConfigCache.php","line":124,"function":"dumpFile","class":"Symfony\\Component\\Filesystem\\Filesystem","type":"->"}],"count":1}}} []
[2020-11-30T21:14:01.214722+00:00] php.DEBUG: Warning: unlink(W:\USM\FDAW\symfony\symfony-install-lab1\var\cache\dev\urlFC10.tmp): No such file or directory [] []
[2020-11-30T21:14:01.217631+00:00] php.DEBUG: Warning: unlink(W:\USM\FDAW\symfony\symfony-install-lab1\var\cache\dev\urlFC11.tmp): No such file or directory [] []
[2020-11-30T21:14:01.218561+00:00] php.DEBUG: Warning: unlink(W:\USM\FDAW\symfony\symfony-install-lab1\var\cache\dev\urlFC12.tmp): No such file or directory [] []
[2020-11-30T21:15:43.790239+00:00] console.DEBUG: Command "make:crud" exited with code "1" {"command":"make:crud","code":1} []
[2020-11-30T21:16:07.093061+00:00] request.INFO: Matched route "product". {"route":"product","route_parameters":{"_route":"product","_controller":"App\\Controller\\ProductController::index"},"request_uri":"http://localhost:8000/product","method":"GET"} []
[2020-11-30T21:17:08.234438+00:00] console.DEBUG: Command "make:entity --regenerate" exited with code "1" {"command":"make:entity --regenerate","code":1} []
[2020-11-30T21:17:40.301662+00:00] php.DEBUG: Warning: unlink(W:\USM\FDAW\symfony\symfony-install-lab1\src\Entity\Pro5329.tmp): No such file or directory {"exception":{"Symfony\\Component\\ErrorHandler\\Exception\\SilencedErrorContext":{"severity":2,"file":"W:\\USM\\FDAW\\symfony\\symfony-install-lab1\\vendor\\symfony\\filesystem\\Filesystem.php","line":670,"trace":[{"file":"W:\\USM\\FDAW\\symfony\\symfony-install-lab1\\vendor\\symfony\\maker-bundle\\src\\FileManager.php","line":77,"function":"dumpFile","class":"Symfony\\Component\\Filesystem\\Filesystem","type":"->"}],"count":1}}} []
[2020-11-30T21:17:59.417712+00:00] request.INFO: Matched route "product". {"route":"product","route_parameters":{"_route":"product","_controller":"App\\Controller\\ProductController::index"},"request_uri":"http://localhost:8000/product","method":"GET"} []
[2020-11-30T21:19:48.152938+00:00] php.DEBUG: Warning: unlink(W:\USM\FDAW\symfony\symfony-install-lab1\var\cache\dev\url4748.tmp): No such file or directory {"exception":{"Symfony\\Component\\ErrorHandler\\Exception\\SilencedErrorContext":{"severity":2,"file":"W:\\USM\\FDAW\\symfony\\symfony-install-lab1\\vendor\\symfony\\filesystem\\Filesystem.php","line":670,"trace":[{"file":"W:\\USM\\FDAW\\symfony\\symfony-install-lab1\\vendor\\symfony\\config\\ResourceCheckerConfigCache.php","line":124,"function":"dumpFile","class":"Symfony\\Component\\Filesystem\\Filesystem","type":"->"}],"count":1}}} []
[2020-11-30T21:19:48.153995+00:00] php.DEBUG: Warning: unlink(W:\USM\FDAW\symfony\symfony-install-lab1\var\cache\dev\url4749.tmp): No such file or directory [] []
[2020-11-30T21:19:48.156368+00:00] request.ERROR: Uncaught PHP Exception Symfony\Component\HttpKernel\Exception\NotFoundHttpException: "No route found for "GET /createProduct"" at W:\USM\FDAW\symfony\symfony-install-lab1\vendor\symfony\http-kernel\EventListener\RouterListener.php line 136 {"exception":"[object] (Symfony\\Component\\HttpKernel\\Exception\\NotFoundHttpException(code: 0): No route found for \"GET /createProduct\" at W:\\USM\\FDAW\\symfony\\symfony-install-lab1\\vendor\\symfony\\http-kernel\\EventListener\\RouterListener.php:136)\n[previous exception] [object] (Symfony\\Component\\Routing\\Exception\\ResourceNotFoundException(code: 0): No routes found for \"/createProduct/\". at W:\\USM\\FDAW\\symfony\\symfony-install-lab1\\vendor\\symfony\\routing\\Matcher\\Dumper\\CompiledUrlMatcherTrait.php:70)"} []
[2020-11-30T21:19:59.203418+00:00] request.INFO: Matched route "product". {"route":"product","route_parameters":{"_route":"product","_controller":"App\\Controller\\ProductController::index"},"request_uri":"http://localhost:8000/product","method":"GET"} []
[2020-11-30T21:20:04.311288+00:00] request.INFO: Matched route "product_show". {"route":"product_show","route_parameters":{"_route":"product_show","_controller":"App\\Controller\\ProductController::show","id":"hui"},"request_uri":"http://localhost:8000/product/hui","method":"GET"} []
[2020-11-30T21:20:04.317248+00:00] php.CRITICAL: Uncaught Error: Argument 1 passed to App\Controller\ProductController::show() must be of the type int, string given, called in W:\USM\FDAW\symfony\symfony-install-lab1\vendor\symfony\http-kernel\HttpKernel.php on line 157 {"exception":"[object] (TypeError(code: 0): Argument 1 passed to App\\Controller\\ProductController::show() must be of the type int, string given, called in W:\\USM\\FDAW\\symfony\\symfony-install-lab1\\vendor\\symfony\\http-kernel\\HttpKernel.php on line 157 at W:\\USM\\FDAW\\symfony\\symfony-install-lab1\\src\\Controller\\ProductController.php:48)"} []
[2020-11-30T21:20:04.319164+00:00] request.CRITICAL: Uncaught PHP Exception TypeError: "Argument 1 passed to App\Controller\ProductController::show() must be of the type int, string given, called in W:\USM\FDAW\symfony\symfony-install-lab1\vendor\symfony\http-kernel\HttpKernel.php on line 157" at W:\USM\FDAW\symfony\symfony-install-lab1\src\Controller\ProductController.php line 48 {"exception":"[object] (TypeError(code: 0): Argument 1 passed to App\\Controller\\ProductController::show() must be of the type int, string given, called in W:\\USM\\FDAW\\symfony\\symfony-install-lab1\\vendor\\symfony\\http-kernel\\HttpKernel.php on line 157 at W:\\USM\\FDAW\\symfony\\symfony-install-lab1\\src\\Controller\\ProductController.php:48)"} []
[2020-11-30T21:20:18.518276+00:00] request.ERROR: Uncaught PHP Exception Symfony\Component\HttpKernel\Exception\NotFoundHttpException: "No route found for "GET /create_product//"" at W:\USM\FDAW\symfony\symfony-install-lab1\vendor\symfony\http-kernel\EventListener\RouterListener.php line 136 {"exception":"[object] (Symfony\\Component\\HttpKernel\\Exception\\NotFoundHttpException(code: 0): No route found for \"GET /create_product//\" at W:\\USM\\FDAW\\symfony\\symfony-install-lab1\\vendor\\symfony\\http-kernel\\EventListener\\RouterListener.php:136)\n[previous exception] [object] (Symfony\\Component\\Routing\\Exception\\ResourceNotFoundException(code: 0): No routes found for \"/create_product\". at W:\\USM\\FDAW\\symfony\\symfony-install-lab1\\vendor\\symfony\\routing\\Matcher\\Dumper\\CompiledUrlMatcherTrait.php:70)"} []
[2020-11-30T21:20:24.868504+00:00] request.ERROR: Uncaught PHP Exception Symfony\Component\HttpKernel\Exception\NotFoundHttpException: "No route found for "GET /create_product/"" at W:\USM\FDAW\symfony\symfony-install-lab1\vendor\symfony\http-kernel\EventListener\RouterListener.php line 136 {"exception":"[object] (Symfony\\Component\\HttpKernel\\Exception\\NotFoundHttpException(code: 0): No route found for \"GET /create_product/\" at W:\\USM\\FDAW\\symfony\\symfony-install-lab1\\vendor\\symfony\\http-kernel\\EventListener\\RouterListener.php:136)\n[previous exception] [object] (Symfony\\Component\\Routing\\Exception\\ResourceNotFoundException(code: 0): No routes found for \"/create_product\". at W:\\USM\\FDAW\\symfony\\symfony-install-lab1\\vendor\\symfony\\routing\\Matcher\\Dumper\\CompiledUrlMatcherTrait.php:70)"} []
[2020-11-30T21:20:52.557922+00:00] php.DEBUG: Warning: unlink(W:\USM\FDAW\symfony\symfony-install-lab1\var\cache\dev\url437D.tmp): No such file or directory {"exception":{"Symfony\\Component\\ErrorHandler\\Exception\\SilencedErrorContext":{"severity":2,"file":"W:\\USM\\FDAW\\symfony\\symfony-install-lab1\\vendor\\symfony\\filesystem\\Filesystem.php","line":670,"trace":[{"file":"W:\\USM\\FDAW\\symfony\\symfony-install-lab1\\vendor\\symfony\\config\\ResourceCheckerConfigCache.php","line":124,"function":"dumpFile","class":"Symfony\\Component\\Filesystem\\Filesystem","type":"->"}],"count":1}}} []
[2020-11-30T21:20:52.558990+00:00] php.DEBUG: Warning: unlink(W:\USM\FDAW\symfony\symfony-install-lab1\var\cache\dev\url438E.tmp): No such file or directory [] []
[2020-11-30T21:20:52.561345+00:00] request.ERROR: Uncaught PHP Exception Symfony\Component\HttpKernel\Exception\NotFoundHttpException: "No route found for "GET /create_product/"" at W:\USM\FDAW\symfony\symfony-install-lab1\vendor\symfony\http-kernel\EventListener\RouterListener.php line 136 {"exception":"[object] (Symfony\\Component\\HttpKernel\\Exception\\NotFoundHttpException(code: 0): No route found for \"GET /create_product/\" at W:\\USM\\FDAW\\symfony\\symfony-install-lab1\\vendor\\symfony\\http-kernel\\EventListener\\RouterListener.php:136)\n[previous exception] [object] (Symfony\\Component\\Routing\\Exception\\ResourceNotFoundException(code: 0): No routes found for \"/create_product\". at W:\\USM\\FDAW\\symfony\\symfony-install-lab1\\vendor\\symfony\\routing\\Matcher\\Dumper\\CompiledUrlMatcherTrait.php:70)"} []
[2020-11-30T21:20:55.870800+00:00] request.INFO: Matched route "create_product". {"route":"create_product","route_parameters":{"_controller":"Symfony\\Bundle\\FrameworkBundle\\Controller\\RedirectController::urlRedirectAction","path":"/product","permanent":true,"scheme":null,"httpPort":8000,"httpsPort":443,"_route":"create_product"},"request_uri":"http://localhost:8000/product/","method":"GET"} []
[2020-11-30T21:20:56.102337+00:00] request.INFO: Matched route "create_product". {"route":"create_product","route_parameters":{"_route":"create_product","_controller":"App\\Controller\\ProductController::createProduct"},"request_uri":"http://localhost:8000/product","method":"GET"} []
[2020-11-30T21:20:56.121185+00:00] php.CRITICAL: Uncaught Error: Class 'App\Controller\Product' not found {"exception":"[object] (Error(code: 0): Class 'App\\Controller\\Product' not found at W:\\USM\\FDAW\\symfony\\symfony-install-lab1\\src\\Controller\\ProductController.php:20)"} []
[2020-11-30T21:20:56.369419+00:00] request.CRITICAL: Uncaught PHP Exception Symfony\Component\ErrorHandler\Error\ClassNotFoundError: "Attempted to load class "Product" from namespace "App\Controller". Did you forget a "use" statement for "App\Entity\Product"?" at W:\USM\FDAW\symfony\symfony-install-lab1\src\Controller\ProductController.php line 20 {"exception":"[object] (Symfony\\Component\\ErrorHandler\\Error\\ClassNotFoundError(code: 0): Attempted to load class \"Product\" from namespace \"App\\Controller\".\nDid you forget a \"use\" statement for \"App\\Entity\\Product\"? at W:\\USM\\FDAW\\symfony\\symfony-install-lab1\\src\\Controller\\ProductController.php:20)"} []
[2020-11-30T21:21:16.135363+00:00] php.DEBUG: Warning: unlink(W:\USM\FDAW\symfony\symfony-install-lab1\var\cache\dev\url9FA9.tmp): No such file or directory {"exception":{"Symfony\\Component\\ErrorHandler\\Exception\\SilencedErrorContext":{"severity":2,"file":"W:\\USM\\FDAW\\symfony\\symfony-install-lab1\\vendor\\symfony\\filesystem\\Filesystem.php","line":670,"trace":[{"file":"W:\\USM\\FDAW\\symfony\\symfony-install-lab1\\vendor\\symfony\\config\\ResourceCheckerConfigCache.php","line":124,"function":"dumpFile","class":"Symfony\\Component\\Filesystem\\Filesystem","type":"->"}],"count":1}}} []
[2020-11-30T21:21:16.136897+00:00] php.DEBUG: Warning: unlink(W:\USM\FDAW\symfony\symfony-install-lab1\var\cache\dev\url9FAA.tmp): No such file or directory [] []
[2020-11-30T21:21:16.138183+00:00] request.INFO: Matched route "create_product". {"route":"create_product","route_parameters":{"_route":"create_product","_controller":"App\\Controller\\ProductController::createProduct"},"request_uri":"http://localhost:8000/product","method":"GET"} []
[2020-11-30T21:21:16.153890+00:00] php.CRITICAL: Uncaught Error: Call to undefined method App\Entity\Product::setPrice() {"exception":"[object] (Error(code: 0): Call to undefined method App\\Entity\\Product::setPrice() at W:\\USM\\FDAW\\symfony\\symfony-install-lab1\\src\\Controller\\ProductController.php:24)"} []
[2020-11-30T21:21:16.155706+00:00] request.CRITICAL: Uncaught PHP Exception Symfony\Component\ErrorHandler\Error\UndefinedMethodError: "Attempted to call an undefined method named "setPrice" of class "App\Entity\Product"." at W:\USM\FDAW\symfony\symfony-install-lab1\src\Controller\ProductController.php line 24 {"exception":"[object] (Symfony\\Component\\ErrorHandler\\Error\\UndefinedMethodError(code: 0): Attempted to call an undefined method named \"setPrice\" of class \"App\\Entity\\Product\". at W:\\USM\\FDAW\\symfony\\symfony-install-lab1\\src\\Controller\\ProductController.php:24)"} []
[2020-11-30T21:21:25.033452+00:00] php.DEBUG: Warning: unlink(W:\USM\FDAW\symfony\symfony-install-lab1\var\cache\dev\urlC265.tmp): No such file or directory {"exception":{"Symfony\\Component\\ErrorHandler\\Exception\\SilencedErrorContext":{"severity":2,"file":"W:\\USM\\FDAW\\symfony\\symfony-install-lab1\\vendor\\symfony\\filesystem\\Filesystem.php","line":670,"trace":[{"file":"W:\\USM\\FDAW\\symfony\\symfony-install-lab1\\vendor\\symfony\\config\\ResourceCheckerConfigCache.php","line":124,"function":"dumpFile","class":"Symfony\\Component\\Filesystem\\Filesystem","type":"->"}],"count":1}}} []
[2020-11-30T21:21:25.035308+00:00] php.DEBUG: Warning: unlink(W:\USM\FDAW\symfony\symfony-install-lab1\var\cache\dev\urlC266.tmp): No such file or directory [] []
[2020-11-30T21:21:25.036702+00:00] request.INFO: Matched route "create_product". {"route":"create_product","route_parameters":{"_route":"create_product","_controller":"App\\Controller\\ProductController::createProduct"},"request_uri":"http://localhost:8000/product","method":"GET"} []
[2020-11-30T21:21:25.066586+00:00] doctrine.DEBUG: "START TRANSACTION" [] []
[2020-11-30T21:21:25.069681+00:00] doctrine.DEBUG: INSERT INTO product (name, description) VALUES (?, ?) {"1":"Keyboard","2":"Ergonomic and stylish!"} []
[2020-11-30T21:21:25.107382+00:00] doctrine.DEBUG: "COMMIT" [] []
[2020-11-30T21:21:25.365782+00:00] request.ERROR: Uncaught PHP Exception Symfony\Component\HttpKernel\Exception\NotFoundHttpException: "No route found for "GET /favicon.ico" (from "http://localhost:8000/product")" at W:\USM\FDAW\symfony\symfony-install-lab1\vendor\symfony\http-kernel\EventListener\RouterListener.php line 136 {"exception":"[object] (Symfony\\Component\\HttpKernel\\Exception\\NotFoundHttpException(code: 0): No route found for \"GET /favicon.ico\" (from \"http://localhost:8000/product\") at W:\\USM\\FDAW\\symfony\\symfony-install-lab1\\vendor\\symfony\\http-kernel\\EventListener\\RouterListener.php:136)\n[previous exception] [object] (Symfony\\Component\\Routing\\Exception\\ResourceNotFoundException(code: 0): No routes found for \"/favicon.ico/\". at W:\\USM\\FDAW\\symfony\\symfony-install-lab1\\vendor\\symfony\\routing\\Matcher\\Dumper\\CompiledUrlMatcherTrait.php:70)"} []
[2020-11-30T21:21:28.620161+00:00] request.INFO: Matched route "product_show". {"route":"product_show","route_parameters":{"_route":"product_show","_controller":"App\\Controller\\ProductController::show","id":"1"},"request_uri":"http://localhost:8000/product/1","method":"GET"} []
[2020-11-30T21:21:28.671495+00:00] doctrine.DEBUG: SELECT t0.id AS id_1, t0.name AS name_2, t0.description AS description_3 FROM product t0 WHERE t0.id = ? [1] []
[2020-11-30T21:34:03.797494+00:00] php.DEBUG: Warning: unlink(W:\USM\FDAW\symfony\symfony-install-lab1\var\cache\dev\url54F5.tmp): No such file or directory {"exception":{"Symfony\\Component\\ErrorHandler\\Exception\\SilencedErrorContext":{"severity":2,"file":"W:\\USM\\FDAW\\symfony\\symfony-install-lab1\\vendor\\symfony\\filesystem\\Filesystem.php","line":670,"trace":[{"file":"W:\\USM\\FDAW\\symfony\\symfony-install-lab1\\vendor\\symfony\\config\\ResourceCheckerConfigCache.php","line":124,"function":"dumpFile","class":"Symfony\\Component\\Filesystem\\Filesystem","type":"->"}],"count":1}}} []
[2020-11-30T21:34:03.799132+00:00] php.DEBUG: Warning: unlink(W:\USM\FDAW\symfony\symfony-install-lab1\var\cache\dev\url54F6.tmp): No such file or directory [] []
[2020-11-30T21:34:03.800471+00:00] request.INFO: Matched route "create_product". {"route":"create_product","route_parameters":{"_route":"create_product","_controller":"App\\Controller\\ProductController::createProduct"},"request_uri":"http://localhost:8000/product","method":"GET"} []
[2020-11-30T21:34:04.160827+00:00] doctrine.DEBUG: "START TRANSACTION" [] []
[2020-11-30T21:34:04.163967+00:00] doctrine.DEBUG: INSERT INTO product (name, description, price) VALUES (?, ?, ?) {"1":"Keyboard","2":"Ergonomic and stylish!","3":"1999"} []
[2020-11-30T21:34:04.193060+00:00] doctrine.DEBUG: "COMMIT" [] []
[2020-11-30T21:34:04.439182+00:00] request.ERROR: Uncaught PHP Exception Symfony\Component\HttpKernel\Exception\NotFoundHttpException: "No route found for "GET /favicon.ico" (from "http://localhost:8000/product")" at W:\USM\FDAW\symfony\symfony-install-lab1\vendor\symfony\http-kernel\EventListener\RouterListener.php line 136 {"exception":"[object] (Symfony\\Component\\HttpKernel\\Exception\\NotFoundHttpException(code: 0): No route found for \"GET /favicon.ico\" (from \"http://localhost:8000/product\") at W:\\USM\\FDAW\\symfony\\symfony-install-lab1\\vendor\\symfony\\http-kernel\\EventListener\\RouterListener.php:136)\n[previous exception] [object] (Symfony\\Component\\Routing\\Exception\\ResourceNotFoundException(code: 0): No routes found for \"/favicon.ico/\". at W:\\USM\\FDAW\\symfony\\symfony-install-lab1\\vendor\\symfony\\routing\\Matcher\\Dumper\\CompiledUrlMatcherTrait.php:70)"} []
[2020-11-30T21:34:11.591551+00:00] request.INFO: Matched route "product_show". {"route":"product_show","route_parameters":{"_route":"product_show","_controller":"App\\Controller\\ProductController::show","id":"2"},"request_uri":"http://localhost:8000/product/2","method":"GET"} []
[2020-11-30T21:34:11.640980+00:00] doctrine.DEBUG: SELECT t0.id AS id_1, t0.name AS name_2, t0.description AS description_3, t0.price AS price_4 FROM product t0 WHERE t0.id = ? [2] []
[2020-11-30T21:34:57.270816+00:00] php.INFO: User Deprecated: Not passing a connection provider as the first constructor argument is deprecated {"exception":"[object] (ErrorException(code: 0): User Deprecated: Not passing a connection provider as the first constructor argument is deprecated at W:\\USM\\FDAW\\symfony\\symfony-install-lab1\\vendor\\doctrine\\dbal\\lib\\Doctrine\\DBAL\\Tools\\Console\\Command\\RunSqlCommand.php:44)"} []
[2020-11-30T21:34:57.271741+00:00] php.INFO: User Deprecated: The "Doctrine\Bundle\DoctrineBundle\Command\Proxy\RunSqlDoctrineCommand" (doctrine:query:sql) is deprecated, use dbal:run-sql command instead. {"exception":"[object] (ErrorException(code: 0): User Deprecated: The \"Doctrine\\Bundle\\DoctrineBundle\\Command\\Proxy\\RunSqlDoctrineCommand\" (doctrine:query:sql) is deprecated, use dbal:run-sql command instead. at W:\\USM\\FDAW\\symfony\\symfony-install-lab1\\vendor\\doctrine\\doctrine-bundle\\Command\\Proxy\\RunSqlDoctrineCommand.php:46)"} []
[2020-11-30T21:34:57.278962+00:00] doctrine.DEBUG: SELECT * FROM product [] []
[2020-11-30T21:49:21.236300+00:00] php.DEBUG: Warning: unlink(W:\USM\FDAW\symfony\symfony-install-lab1\var\cache\dev\url5561.tmp): No such file or directory {"exception":{"Symfony\\Component\\ErrorHandler\\Exception\\SilencedErrorContext":{"severity":2,"file":"W:\\USM\\FDAW\\symfony\\symfony-install-lab1\\vendor\\symfony\\filesystem\\Filesystem.php","line":670,"trace":[{"file":"W:\\USM\\FDAW\\symfony\\symfony-install-lab1\\vendor\\symfony\\config\\ResourceCheckerConfigCache.php","line":124,"function":"dumpFile","class":"Symfony\\Component\\Filesystem\\Filesystem","type":"->"}],"count":1}}} []
[2020-11-30T21:49:21.239944+00:00] php.DEBUG: Warning: unlink(W:\USM\FDAW\symfony\symfony-install-lab1\var\cache\dev\url5562.tmp): No such file or directory [] []
[2020-11-30T21:49:21.248456+00:00] php.DEBUG: Warning: unlink(W:\USM\FDAW\symfony\symfony-install-lab1\var\cache\dev\url5572.tmp): No such file or directory [] []
[2020-11-30T21:49:21.249504+00:00] php.DEBUG: Warning: unlink(W:\USM\FDAW\symfony\symfony-install-lab1\var\cache\dev\url5573.tmp): No such file or directory [] []
[2020-11-30T21:50:08.045920+00:00] php.DEBUG: Warning: unlink(W:\USM\FDAW\symfony\symfony-install-lab1\var\cache\dev\urlB8F.tmp): No such file or directory {"exception":{"Symfony\\Component\\ErrorHandler\\Exception\\SilencedErrorContext":{"severity":2,"file":"W:\\USM\\FDAW\\symfony\\symfony-install-lab1\\vendor\\symfony\\filesystem\\Filesystem.php","line":670,"trace":[{"file":"W:\\USM\\FDAW\\symfony\\symfony-install-lab1\\vendor\\symfony\\config\\ResourceCheckerConfigCache.php","line":124,"function":"dumpFile","class":"Symfony\\Component\\Filesystem\\Filesystem","type":"->"}],"count":1}}} []
[2020-11-30T21:50:08.047660+00:00] php.DEBUG: Warning: unlink(W:\USM\FDAW\symfony\symfony-install-lab1\var\cache\dev\urlB90.tmp): No such file or directory [] []
[2020-11-30T21:50:08.048987+00:00] request.INFO: Matched route "product_show". {"route":"product_show","route_parameters":{"_route":"product_show","_controller":"App\\Controller\\ProductController::show","id":"2"},"request_uri":"http://localhost:8000/product/2","method":"GET"} []
[2020-11-30T21:50:08.082807+00:00] doctrine.DEBUG: SELECT t0.id AS id_1, t0.name AS name_2, t0.description AS description_3, t0.price AS price_4 FROM product t0 WHERE t0.id = ? [2] []
[2020-11-30T21:50:08.333782+00:00] request.ERROR: Uncaught PHP Exception Symfony\Component\HttpKernel\Exception\NotFoundHttpException: "No route found for "GET /favicon.ico" (from "http://localhost:8000/product/2")" at W:\USM\FDAW\symfony\symfony-install-lab1\vendor\symfony\http-kernel\EventListener\RouterListener.php line 136 {"exception":"[object] (Symfony\\Component\\HttpKernel\\Exception\\NotFoundHttpException(code: 0): No route found for \"GET /favicon.ico\" (from \"http://localhost:8000/product/2\") at W:\\USM\\FDAW\\symfony\\symfony-install-lab1\\vendor\\symfony\\http-kernel\\EventListener\\RouterListener.php:136)\n[previous exception] [object] (Symfony\\Component\\Routing\\Exception\\ResourceNotFoundException(code: 0): No routes found for \"/favicon.ico/\". at W:\\USM\\FDAW\\symfony\\symfony-install-lab1\\vendor\\symfony\\routing\\Matcher\\Dumper\\CompiledUrlMatcherTrait.php:70)"} []
[2020-11-30T21:50:10.307032+00:00] request.INFO: Matched route "create_product". {"route":"create_product","route_parameters":{"_route":"create_product","_controller":"App\\Controller\\ProductController::createProduct"},"request_uri":"http://localhost:8000/product","method":"GET"} []
[2020-11-30T21:50:10.370084+00:00] doctrine.DEBUG: "START TRANSACTION" [] []
[2020-11-30T21:50:10.373185+00:00] doctrine.DEBUG: INSERT INTO product (name, description, price) VALUES (?, ?, ?) {"1":"Keyboard","2":"Ergonomic and stylish!","3":"1999"} []
[2020-11-30T21:50:10.373930+00:00] doctrine.DEBUG: "COMMIT" [] []
[2020-11-30T21:50:13.135859+00:00] request.INFO: Matched route "product_show". {"route":"product_show","route_parameters":{"_route":"product_show","_controller":"App\\Controller\\ProductController::show","id":"3"},"request_uri":"http://localhost:8000/product/3","method":"GET"} []
[2020-11-30T21:50:13.180492+00:00] doctrine.DEBUG: SELECT t0.id AS id_1, t0.name AS name_2, t0.description AS description_3, t0.price AS price_4 FROM product t0 WHERE t0.id = ? [3] []
[2020-11-30T21:50:20.756431+00:00] request.ERROR: Uncaught PHP Exception Symfony\Component\HttpKernel\Exception\NotFoundHttpException: "No route found for "GET /update/3"" at W:\USM\FDAW\symfony\symfony-install-lab1\vendor\symfony\http-kernel\EventListener\RouterListener.php line 136 {"exception":"[object] (Symfony\\Component\\HttpKernel\\Exception\\NotFoundHttpException(code: 0): No route found for \"GET /update/3\" at W:\\USM\\FDAW\\symfony\\symfony-install-lab1\\vendor\\symfony\\http-kernel\\EventListener\\RouterListener.php:136)\n[previous exception] [object] (Symfony\\Component\\Routing\\Exception\\ResourceNotFoundException(code: 0): No routes found for \"/update/3/\". at W:\\USM\\FDAW\\symfony\\symfony-install-lab1\\vendor\\symfony\\routing\\Matcher\\Dumper\\CompiledUrlMatcherTrait.php:70)"} []
[2020-11-30T21:51:34.965711+00:00] php.DEBUG: Warning: unlink(W:\USM\FDAW\symfony\symfony-install-lab1\var\cache\dev\url5FC9.tmp): No such file or directory {"exception":{"Symfony\\Component\\ErrorHandler\\Exception\\SilencedErrorContext":{"severity":2,"file":"W:\\USM\\FDAW\\symfony\\symfony-install-lab1\\vendor\\symfony\\filesystem\\Filesystem.php","line":670,"trace":[{"file":"W:\\USM\\FDAW\\symfony\\symfony-install-lab1\\vendor\\symfony\\config\\ResourceCheckerConfigCache.php","line":124,"function":"dumpFile","class":"Symfony\\Component\\Filesystem\\Filesystem","type":"->"}],"count":1}}} []
[2020-11-30T21:51:34.966810+00:00] php.DEBUG: Warning: unlink(W:\USM\FDAW\symfony\symfony-install-lab1\var\cache\dev\url5FCA.tmp): No such file or directory [] []
[2020-11-30T21:51:34.968168+00:00] request.INFO: Matched route "app_product_update". {"route":"app_product_update","route_parameters":{"_route":"app_product_update","_controller":"App\\Controller\\ProductController::update","id":"3"},"request_uri":"http://localhost:8000/product/edit/3","method":"GET"} []
[2020-11-30T21:51:34.998922+00:00] doctrine.DEBUG: SELECT t0.id AS id_1, t0.name AS name_2, t0.description AS description_3, t0.price AS price_4 FROM product t0 WHERE t0.id = ? [3] []
[2020-11-30T21:51:35.001528+00:00] doctrine.DEBUG: "START TRANSACTION" [] []
[2020-11-30T21:51:35.001646+00:00] doctrine.DEBUG: UPDATE product SET name = ? WHERE id = ? ["New product name!",3] []
[2020-11-30T21:51:35.001953+00:00] doctrine.DEBUG: "COMMIT" [] []
[2020-11-30T21:51:35.004798+00:00] php.DEBUG: Warning: unlink(W:\USM\FDAW\symfony\symfony-install-lab1\var\cache\dev\url5FEA.tmp): No such file or directory [] []
[2020-11-30T21:51:35.005722+00:00] php.DEBUG: Warning: unlink(W:\USM\FDAW\symfony\symfony-install-lab1\var\cache\dev\url5FEB.tmp): No such file or directory [] []
[2020-11-30T21:51:35.250806+00:00] request.INFO: Matched route "product_show". {"route":"product_show","route_parameters":{"_route":"product_show","_controller":"App\\Controller\\ProductController::show","id":"3"},"request_uri":"http://localhost:8000/product/3","method":"GET"} []
[2020-11-30T21:51:35.298849+00:00] doctrine.DEBUG: SELECT t0.id AS id_1, t0.name AS name_2, t0.description AS description_3, t0.price AS price_4 FROM product t0 WHERE t0.id = ? [3] []
[2020-12-11T13:26:40.065186+00:00] php.DEBUG: Warning: filemtime(): stat failed for W:\USM\FDAW\symfony\symfony-install-lab1\config\routes\dev\framework.yaml {"exception":{"Symfony\\Component\\ErrorHandler\\Exception\\SilencedErrorContext":{"severity":2,"file":"C:\\Program Files\\Git\\bin\\lab5\\vendor\\symfony\\config\\Resource\\FileResource.php","line":65,"trace":[{"file":"C:\\Program Files\\Git\\bin\\lab5\\vendor\\symfony\\config\\Resource\\SelfCheckingResourceChecker.php","line":34,"function":"isFresh","class":"Symfony\\Component\\Config\\Resource\\FileResource","type":"->"}],"count":1}}} []
[2020-12-11T13:26:40.255094+00:00] php.DEBUG: Warning: unlink(C:\Program Files\Git\bin\lab5\var\cache\dev\urlF663.tmp): No such file or directory {"exception":{"Symfony\\Component\\ErrorHandler\\Exception\\SilencedErrorContext":{"severity":2,"file":"C:\\Program Files\\Git\\bin\\lab5\\vendor\\symfony\\filesystem\\Filesystem.php","line":670,"trace":[{"file":"C:\\Program Files\\Git\\bin\\lab5\\vendor\\symfony\\config\\ResourceCheckerConfigCache.php","line":124,"function":"dumpFile","class":"Symfony\\Component\\Filesystem\\Filesystem","type":"->"}],"count":1}}} []
[2020-12-11T13:26:40.257011+00:00] php.DEBUG: Warning: unlink(C:\Program Files\Git\bin\lab5\var\cache\dev\urlF664.tmp): No such file or directory [] []
[2020-12-11T13:26:40.260019+00:00] request.INFO: Matched route "create_product". {"route":"create_product","route_parameters":{"_controller":"Symfony\\Bundle\\FrameworkBundle\\Controller\\RedirectController::urlRedirectAction","path":"/product","permanent":true,"scheme":null,"httpPort":80,"httpsPort":8000,"_route":"create_product"},"request_uri":"https://localhost:8000/product/","method":"GET"} []
[2020-12-11T13:26:41.422921+00:00] request.INFO: Matched route "create_product". {"route":"create_product","route_parameters":{"_route":"create_product","_controller":"App\\Controller\\ProductController::createProduct"},"request_uri":"https://localhost:8000/product","method":"GET"} []
[2020-12-11T13:26:41.509528+00:00] request.CRITICAL: Uncaught PHP Exception Doctrine\DBAL\Exception\DriverException: "An exception occurred in driver: could not find driver" at C:\Program Files\Git\bin\lab5\vendor\doctrine\dbal\lib\Doctrine\DBAL\Driver\AbstractMySQLDriver.php line 128 {"exception":"[object] (Doctrine\\DBAL\\Exception\\DriverException(code: 0): An exception occurred in driver: could not find driver at C:\\Program Files\\Git\\bin\\lab5\\vendor\\doctrine\\dbal\\lib\\Doctrine\\DBAL\\Driver\\AbstractMySQLDriver.php:128)\n[previous exception] [object] (Doctrine\\DBAL\\Driver\\PDO\\Exception(code: 0): could not find driver at C:\\Program Files\\Git\\bin\\lab5\\vendor\\doctrine\\dbal\\lib\\Doctrine\\DBAL\\Driver\\PDO\\Exception.php:18)\n[previous exception] [object] (PDOException(code: 0): could not find driver at C:\\Program Files\\Git\\bin\\lab5\\vendor\\doctrine\\dbal\\lib\\Doctrine\\DBAL\\Driver\\PDOConnection.php:38)"} []
[2020-12-11T13:42:25.516970+00:00] console.ERROR: Error thrown while running command "doctrine:schema:update --force". Message: "An exception occurred in driver: could not find driver" {"exception":"[object] (Doctrine\\DBAL\\Exception\\DriverException(code: 0): An exception occurred in driver: could not find driver at C:\\Program Files\\Git\\bin\\lab5\\vendor\\doctrine\\dbal\\lib\\Doctrine\\DBAL\\Driver\\AbstractMySQLDriver.php:128)\n[previous exception] [object] (Doctrine\\DBAL\\Driver\\PDO\\Exception(code: 0): could not find driver at C:\\Program Files\\Git\\bin\\lab5\\vendor\\doctrine\\dbal\\lib\\Doctrine\\DBAL\\Driver\\PDO\\Exception.php:18)\n[previous exception] [object] (PDOException(code: 0): could not find driver at C:\\Program Files\\Git\\bin\\lab5\\vendor\\doctrine\\dbal\\lib\\Doctrine\\DBAL\\Driver\\PDOConnection.php:38)","command":"doctrine:schema:update --force","message":"An exception occurred in driver: could not find driver"} []
[2020-12-11T13:42:25.518886+00:00] console.DEBUG: Command "doctrine:schema:update --force" exited with code "1" {"command":"doctrine:schema:update --force","code":1} []
